INFO    : Building target web
ERROR   : XInclude Error caused build to fail:
ERROR   : /workspaces/2025usajmo2/new-pretext-project/source/section-1.ptx:7:45:FATAL:PARSER:ERR_TAG_NAME_MISMATCH: Opening and ending tag mismatch: m line 7 and p
/workspaces/2025usajmo2/new-pretext-project/source/section-1.ptx:8:52:FATAL:PARSER:ERR_NAME_REQUIRED: StartTag: invalid element name
/workspaces/2025usajmo2/new-pretext-project/source/section-1.ptx:23:33:FATAL:PARSER:ERR_NAME_REQUIRED: error parsing attribute name
/workspaces/2025usajmo2/new-pretext-project/source/section-1.ptx:23:33:FATAL:PARSER:ERR_GT_REQUIRED: Couldn't find end of Start Tag i line 23
/workspaces/2025usajmo2/new-pretext-project/source/section-1.ptx:36:33:FATAL:PARSER:ERR_NAME_REQUIRED: StartTag: invalid element name
/workspaces/2025usajmo2/new-pretext-project/source/section-1.ptx:48:81:FATAL:PARSER:ERR_TAG_NAME_MISMATCH: Opening and ending tag mismatch: m line 46 and p
/workspaces/2025usajmo2/new-pretext-project/source/section-1.ptx:53:51:FATAL:PARSER:ERR_NAME_REQUIRED: StartTag: invalid element name
/workspaces/2025usajmo2/new-pretext-project/source/section-1.ptx:59:64:FATAL:PARSER:ERR_NAME_REQUIRED: StartTag: invalid element name
/workspaces/2025usajmo2/new-pretext-project/source/section-1.ptx:64:11:FATAL:PARSER:ERR_NAME_REQUIRED: StartTag: invalid element name
/workspaces/2025usajmo2/new-pretext-project/source/section-1.ptx:64:25:FATAL:PARSER:ERR_TAG_NAME_MISMATCH: Opening and ending tag mismatch: p line 43 and m
/workspaces/2025usajmo2/new-pretext-project/source/section-1.ptx:68:9:FATAL:PARSER:ERR_TAG_NAME_MISMATCH: Opening and ending tag mismatch: subsection line 33 and p
/workspaces/2025usajmo2/new-pretext-project/source/section-1.ptx:74:35:FATAL:PARSER:ERR_TAG_NAME_MISMATCH: Opening and ending tag mismatch: m line 74 and k
/workspaces/2025usajmo2/new-pretext-project/source/main.ptx:18:0:ERROR:XINCLUDE:XINCLUDE_NO_FALLBACK: could not load /workspaces/2025usajmo2/new-pretext-project/source/section-1.ptx, and no fallback was found
CRITICAL: XML syntax for source file is invalid
INFO    : ------------------------
CRITICAL: Failed to build.  Exiting...
INFO    : 
----------------------------------------------------
INFO    : While running pretext, the following errors occurred:

INFO    : (see log messages above or in the 'logs' folder for more information)
INFO    : ----------------------------------------------------
