WARNING : Could not find a target 'html', but found a target 'web' with format='html'; using this target.
INFO    : Building target web
INFO    : XSL conversion of /workspaces/2025usajmo2/new-pretext-project/source/main.ptx by /home/codespace/.ptx/2.19.2/core/xsl/utilities/pretext-enhanced-source.xsl
INFO    : successful application of /home/codespace/.ptx/2.19.2/core/xsl/utilities/pretext-enhanced-source.xsl
INFO    : Generating any needed assets.
INFO    : XSL conversion of /workspaces/2025usajmo2/new-pretext-project/source/main.ptx by /home/codespace/.ptx/2.19.2/core/xsl/utilities/pretext-enhanced-source.xsl
INFO    : successful application of /home/codespace/.ptx/2.19.2/core/xsl/utilities/pretext-enhanced-source.xsl
INFO    : XSL conversion of /workspaces/2025usajmo2/new-pretext-project/source/main.ptx by /home/codespace/.ptx/2.19.2/core/xsl/utilities/pretext-enhanced-source.xsl
INFO    : successful application of /home/codespace/.ptx/2.19.2/core/xsl/utilities/pretext-enhanced-source.xsl
INFO    : XSL conversion of /workspaces/2025usajmo2/new-pretext-project/source/main.ptx by /home/codespace/.ptx/2.19.2/core/xsl/utilities/pretext-enhanced-source.xsl
INFO    : successful application of /home/codespace/.ptx/2.19.2/core/xsl/utilities/pretext-enhanced-source.xsl
INFO    : XSL conversion of /workspaces/2025usajmo2/new-pretext-project/source/main.ptx by /home/codespace/.ptx/2.19.2/core/xsl/utilities/pretext-enhanced-source.xsl
INFO    : successful application of /home/codespace/.ptx/2.19.2/core/xsl/utilities/pretext-enhanced-source.xsl
INFO    : XSL conversion of /workspaces/2025usajmo2/new-pretext-project/source/main.ptx by /home/codespace/.ptx/2.19.2/core/xsl/utilities/pretext-enhanced-source.xsl
INFO    : successful application of /home/codespace/.ptx/2.19.2/core/xsl/utilities/pretext-enhanced-source.xsl
INFO    : XSL conversion of /workspaces/2025usajmo2/new-pretext-project/source/main.ptx by /home/codespace/.ptx/2.19.2/core/xsl/utilities/pretext-enhanced-source.xsl
INFO    : successful application of /home/codespace/.ptx/2.19.2/core/xsl/utilities/pretext-enhanced-source.xsl
INFO    : XSL conversion of /workspaces/2025usajmo2/new-pretext-project/source/main.ptx by /home/codespace/.ptx/2.19.2/core/xsl/utilities/pretext-enhanced-source.xsl
INFO    : successful application of /home/codespace/.ptx/2.19.2/core/xsl/utilities/pretext-enhanced-source.xsl
INFO    : XSL conversion of /workspaces/2025usajmo2/new-pretext-project/source/main.ptx by /home/codespace/.ptx/2.19.2/core/xsl/utilities/pretext-enhanced-source.xsl
INFO    : successful application of /home/codespace/.ptx/2.19.2/core/xsl/utilities/pretext-enhanced-source.xsl
INFO    : XSL conversion of /workspaces/2025usajmo2/new-pretext-project/source/main.ptx by /home/codespace/.ptx/2.19.2/core/xsl/utilities/pretext-enhanced-source.xsl
INFO    : successful application of /home/codespace/.ptx/2.19.2/core/xsl/utilities/pretext-enhanced-source.xsl
INFO    : XSL conversion of /workspaces/2025usajmo2/new-pretext-project/source/main.ptx by /home/codespace/.ptx/2.19.2/core/xsl/utilities/pretext-enhanced-source.xsl
INFO    : successful application of /home/codespace/.ptx/2.19.2/core/xsl/utilities/pretext-enhanced-source.xsl
INFO    : XSL conversion of /workspaces/2025usajmo2/new-pretext-project/source/main.ptx by /home/codespace/.ptx/2.19.2/core/xsl/utilities/pretext-enhanced-source.xsl
INFO    : successful application of /home/codespace/.ptx/2.19.2/core/xsl/utilities/pretext-enhanced-source.xsl
INFO    : XSL conversion of /workspaces/2025usajmo2/new-pretext-project/source/main.ptx by /home/codespace/.ptx/2.19.2/core/xsl/utilities/pretext-enhanced-source.xsl
INFO    : successful application of /home/codespace/.ptx/2.19.2/core/xsl/utilities/pretext-enhanced-source.xsl
INFO    : XSL conversion of /workspaces/2025usajmo2/new-pretext-project/source/main.ptx by /home/codespace/.ptx/2.19.2/core/xsl/utilities/pretext-enhanced-source.xsl
INFO    : successful application of /home/codespace/.ptx/2.19.2/core/xsl/utilities/pretext-enhanced-source.xsl
INFO    : XSL conversion of /workspaces/2025usajmo2/new-pretext-project/source/main.ptx by /home/codespace/.ptx/2.19.2/core/xsl/utilities/pretext-enhanced-source.xsl
INFO    : successful application of /home/codespace/.ptx/2.19.2/core/xsl/utilities/pretext-enhanced-source.xsl
INFO    : converting latex-image pictures from /workspaces/2025usajmo2/new-pretext-project/source/main.ptx to svg graphics for placement in /workspaces/2025usajmo2/new-pretext-project/generated-assets/latex-image
INFO    : extracting latex-image pictures from /workspaces/2025usajmo2/new-pretext-project/source/main.ptx
INFO    : string parameters passed to extraction stylesheet: {'cli.version': '2.19', 'publisher': '/workspaces/2025usajmo2/new-pretext-project/publication/publication.ptx'}
INFO    : discovering source file's directory name: /workspaces/2025usajmo2/new-pretext-project/source
INFO    : verifying and expanding input directory: /workspaces/2025usajmo2/new-pretext-project/source/../generated-assets
INFO    : input directory expanded to absolute path: /workspaces/2025usajmo2/new-pretext-project/generated-assets
INFO    : verifying and expanding input directory: /workspaces/2025usajmo2/new-pretext-project/source/../assets
INFO    : input directory expanded to absolute path: /workspaces/2025usajmo2/new-pretext-project/assets
INFO    : XSL conversion of /workspaces/2025usajmo2/new-pretext-project/source/main.ptx by /home/codespace/.ptx/2.19.2/core/xsl/extract-latex-image.xsl
INFO    : messages from the log for XSL processing:
INFO    : * PTX:INFO:   checking ONLY the last TWO YEARS of element deprecations.
Rerun with the string parameter "author.deprecations.all" set to "yes" to check your source against all deprecations.
INFO    : successful application of /home/codespace/.ptx/2.19.2/core/xsl/extract-latex-image.xsl
WARNING : PTX:ERROR: cannot locate executable with configuration name `LatexEngine.XELATEX` as command `xelatex`
***  Edit the configuration file  ("pretext.cfg" or "project.ptx") and/or install  ***
***  the necessary program and/or make sure the executable is on your PATH         ***
ERROR   : Unable to generate some latex-image assets:
 LaTeX compilation failed for 1 "latex-image"(s).
Review the log for error messages, and LaTeX transcripts.
Images are:
  tikz-example-diagram.tex
INFO    : Removing temporary directory /tmp/ptx-y7m8mhzr
INFO    : Finished generating assets.

INFO    : Preparing to build into /workspaces/2025usajmo2/new-pretext-project/output/web.
INFO    : discovering source file's directory name: /workspaces/2025usajmo2/new-pretext-project/source
INFO    : verifying and expanding input directory: /workspaces/2025usajmo2/new-pretext-project/source/../generated-assets
INFO    : input directory expanded to absolute path: /workspaces/2025usajmo2/new-pretext-project/generated-assets
INFO    : verifying and expanding input directory: /workspaces/2025usajmo2/new-pretext-project/source/../assets
INFO    : input directory expanded to absolute path: /workspaces/2025usajmo2/new-pretext-project/assets
INFO    : XSL conversion of /workspaces/2025usajmo2/new-pretext-project/source/main.ptx by /home/codespace/.ptx/2.19.2/core/xsl/utilities/report-publisher-variables.xsl
INFO    : successful application of /home/codespace/.ptx/2.19.2/core/xsl/utilities/report-publisher-variables.xsl
INFO    : Downloading rs services file from https://runestone.academy/cdn/runestone/latest/webpack_static_imports.xml.
INFO    : Runestone Services via online CDN query: version 7.8.3
INFO    : Downloading Runestone Services, version 7.8.3
INFO    : Extracting Runestone Services from archive file
INFO    : Building custom css theme: theme-default-modern
INFO    : converting /workspaces/2025usajmo2/new-pretext-project/source/main.ptx to HTML in /tmp/ptx-8wf0b4ip
INFO    : XSL conversion of /workspaces/2025usajmo2/new-pretext-project/source/main.ptx by /home/codespace/.ptx/2.19.2/core/xsl/pretext-html.xsl
INFO    : messages from the log for XSL processing:
INFO    : * PTX:INFO:   checking ONLY the last TWO YEARS of element deprecations.
Rerun with the string parameter "author.deprecations.all" set to "yes" to check your source against all deprecations.
INFO    : successful application of /home/codespace/.ptx/2.19.2/core/xsl/pretext-html.xsl
INFO    : Removing temporary directory /tmp/ptx-8wf0b4ip
INFO    : Removing temporary directory /tmp/ptx-4hkl_rrq
INFO    : 
Success! Run `pretext view web` to see the results.

INFO    : 
----------------------------------------------------
INFO    : While running pretext, the following errors occurred:

INFO    : (see log messages above or in the 'logs' folder for more information)
INFO    : ----------------------------------------------------
